<?xml version="1.0" encoding="UTF-8"?>
<testsuite name="RnaDnaTest" tests="6" skipped="0" failures="0" errors="0" timestamp="2022-03-28T09:14:03" hostname="Sheetals-MacBook-Pro.local" time="0.045">
  <properties/>
  <testcase name="testRnaTranscription()" classname="RnaDnaTest" time="0.032"/>
  <testcase name="isSequenceEmptyString()" classname="RnaDnaTest" time="0.003"/>
  <testcase name="rnaTranscriptionOfCisG()" classname="RnaDnaTest" time="0.001"/>
  <testcase name="rnaTranscriptionAisU()" classname="RnaDnaTest" time="0.001"/>
  <testcase name="rnaTranscriptionGisC()" classname="RnaDnaTest" time="0.001"/>
  <testcase name="rnaTranscriptionTisA()" classname="RnaDnaTest" time="0.0"/>
  <system-out><![CDATA[]]></system-out>
  <system-err><![CDATA[]]></system-err>
</testsuite>
